This file contains any messages produced by compilers while
running configure, to aid debugging if configure makes a mistake.

configure:956: checking for perl
configure:1001: checking whether #! works in shell scripts

config.pl, Release 2002-1 (Revision 1.47)
Accompanies LaTeX2HTML, (C) 1999 GNU Public License.

checking for old config file (cfgcache.pm)... not found (ok)
checking for platform... linux (assuming unix)
checking for /usr/bin/perl... /usr/bin/perl
checking perl version... 5.010000
checking if perl supports some dbm... yes
checking if perl globbing works... yes
checking for tex... /usr/bin/tex
checking for latex... /usr/bin/latex
checking for initex... no
checking for kpsewhich... /usr/bin/kpsewhich
checking for kpsewhich syntax... ok (style=1)
checking for TeX include path... /etc/texmf/tex/latex/html
checking for mktexlsr... /usr/bin/mktexlsr
checking for dvips... /usr/bin/dvips
checking dvips version... 5.96
checking if dvips supports the combination of -E and -i -S 1... yes
checking for html4-check... no
checking for gs... /usr/bin/gs
checking for ghostscript version... 8.62
checking for ghostscript portable bitmap device... pnmraw
checking for full color device for anti-aliasing... ppmraw
checking for ghostscript library and font paths... built-in paths are correct
checking for pnmcrop... /usr/bin/pnmcrop
yes
checking for pnmflip... /usr/bin/pnmflip
checking for ppmquant... /usr/bin/ppmquant
checking for pnmfile... /usr/bin/pnmfile
checking for pnmcat... /usr/bin/pnmcat
checking for pbmmake... /usr/bin/pbmmake
checking for ppmtogif... /usr/bin/ppmtogif
yes
checking if ppmtogif can make interlaced GIFs... yes
checking for pnmtopng... /usr/bin/pnmtopng
checking for ppmtojpeg... /usr/bin/ppmtojpeg
checking for pnmcut... /usr/bin/pnmcut
checking for pnmpad... /usr/bin/pnmpad
checking for pnmrotate... /usr/bin/pnmrotate
checking for pnmscale... /usr/bin/pnmscale
checking for giftopnm... /usr/bin/giftopnm
checking for jpegtopnm... /usr/bin/jpegtopnm
checking for pngtopnm... /usr/bin/pngtopnm
checking for tifftopnm... /usr/bin/tifftopnm
checking for picttoppm... no
Warning: You cannot directly translate/modify graphics of  format.
checking for anytopnm... /usr/bin/anytopnm
checking for bmptoppm... /usr/bin/bmptoppm
checking for pcxtoppm... /usr/bin/pcxtoppm
checking for sgitopnm... /usr/bin/sgitopnm
checking for xbmtopbm... /usr/bin/xbmtopbm
checking for xwdtopnm... /usr/bin/xwdtopnm
checking if multiple pipes work... yes
checking for temporary disk space... /tmp
creating cfgcache.pm
Note: Will install...
      ... executables to   : /usr/local/bin
      ... shared library items to : /usr/local/share/lib/latex2html
      ... unshared library items to : /usr/local/lib/latex2html
